c:\users\deni\desktop\general\faks\programiranje1-instrukcije-dev\programiranje1-instrukcije-dev\project1\x64\debug\vc142.pdb
c:\users\deni\desktop\general\faks\programiranje1-instrukcije-dev\programiranje1-instrukcije-dev\project1\x64\debug\vc142.idb
c:\users\deni\desktop\general\faks\programiranje1-instrukcije-dev\programiranje1-instrukcije-dev\project1\x64\debug\zadatak6.obj
c:\users\deni\desktop\general\faks\programiranje1-instrukcije-dev\programiranje1-instrukcije-dev\project1\x64\debug\zadatak4-ispit01302021.obj
c:\users\deni\desktop\general\faks\programiranje1-instrukcije-dev\programiranje1-instrukcije-dev\project1\x64\debug\zadatak2.obj
c:\users\deni\desktop\general\faks\programiranje1-instrukcije-dev\programiranje1-instrukcije-dev\project1\x64\debug\zadatak2-ispit01302021.obj
c:\users\deni\desktop\general\faks\programiranje1-instrukcije-dev\programiranje1-instrukcije-dev\project1\x64\debug\zadatak3-ispit01302021.obj
c:\users\deni\desktop\general\faks\programiranje1-instrukcije-dev\programiranje1-instrukcije-dev\project1\x64\debug\zad2.obj
c:\users\deni\desktop\general\faks\programiranje1-instrukcije-dev\programiranje1-instrukcije-dev\project1\x64\debug\z1.obj
c:\users\deni\desktop\general\faks\programiranje1-instrukcije-dev\programiranje1-instrukcije-dev\project1\x64\debug\vjezba5.obj
c:\users\deni\desktop\general\faks\programiranje1-instrukcije-dev\programiranje1-instrukcije-dev\project1\x64\debug\klubovi.obj
c:\users\deni\desktop\general\faks\programiranje1-instrukcije-dev\programiranje1-instrukcije-dev\project1\x64\debug\source3.obj
c:\users\deni\desktop\general\faks\programiranje1-instrukcije-dev\programiranje1-instrukcije-dev\project1\x64\debug\source2.obj
c:\users\deni\desktop\general\faks\programiranje1-instrukcije-dev\programiranje1-instrukcije-dev\project1\x64\debug\source1.obj
c:\users\deni\desktop\general\faks\programiranje1-instrukcije-dev\programiranje1-instrukcije-dev\project1\x64\debug\source.obj
c:\users\deni\desktop\general\faks\programiranje1-instrukcije-dev\programiranje1-instrukcije-dev\project1\x64\debug\sahovskatabla.obj
c:\users\deni\desktop\general\faks\programiranje1-instrukcije-dev\programiranje1-instrukcije-dev\project1\x64\debug\dowhile.obj
c:\users\deni\desktop\general\faks\programiranje1-instrukcije-dev\programiranje1-instrukcije-dev\project1\x64\debug\digitron.obj
c:\users\deni\desktop\general\faks\programiranje1-instrukcije-dev\programiranje1-instrukcije-dev\project1\x64\debug\project1.tlog\cl.command.1.tlog
c:\users\deni\desktop\general\faks\programiranje1-instrukcije-dev\programiranje1-instrukcije-dev\project1\x64\debug\project1.tlog\cl.read.1.tlog
c:\users\deni\desktop\general\faks\programiranje1-instrukcije-dev\programiranje1-instrukcije-dev\project1\x64\debug\project1.tlog\cl.write.1.tlog
